2025-03-26 17:42:20.224 +01:00 [INF] Start installing Hangfire SQL objects...
2025-03-26 17:42:21.096 +01:00 [INF] Hangfire SQL objects installed.
2025-03-26 17:42:21.744 +01:00 [INF] Request starting HTTP/2 GET https://localhost:44335/index.html - null null
2025-03-26 17:42:21.863 +01:00 [INF] Starting Hangfire Server using job storage: 'SQL Server: (local)@EPSPlusDB'
2025-03-26 17:42:21.863 +01:00 [INF] Using the following options for SQL Server job storage: Queue poll interval: 00:00:00.
2025-03-26 17:42:21.864 +01:00 [INF] Using the following options for Hangfire Server:
    Worker count: 20
    Listening queues: 'default'
    Shutdown timeout: 00:00:15
    Schedule polling interval: 00:00:15
2025-03-26 17:42:21.931 +01:00 [INF] Application started. Press Ctrl+C to shut down.
2025-03-26 17:42:21.931 +01:00 [INF] Hosting environment: Development
2025-03-26 17:42:21.931 +01:00 [INF] Content root path: C:\Users\onyedika.ezeamama\Desktop\project\EPSPlus\EPSPlus.API
2025-03-26 17:42:21.954 +01:00 [INF] Server desktop-p6lqc67:23180:71362265 successfully announced in 17.2595 ms
2025-03-26 17:42:22.046 +01:00 [INF] Server desktop-p6lqc67:23180:71362265 is starting the registered dispatchers: ServerWatchdog, ServerJobCancellationWatcher, ExpirationManager, CountersAggregator, SqlServerHeartbeatProcess, Worker, DelayedJobScheduler, RecurringJobScheduler...
2025-03-26 17:42:22.322 +01:00 [INF] 2 servers were removed due to timeout
2025-03-26 17:42:22.540 +01:00 [INF] Server desktop-p6lqc67:23180:71362265 all the dispatchers started
2025-03-26 17:42:22.710 +01:00 [INF] HTTP GET /index.html responded 200 in 105.7800 ms
2025-03-26 17:42:22.722 +01:00 [INF] Request finished HTTP/2 GET https://localhost:44335/index.html - 200 null text/html;charset=utf-8 988.0929ms
2025-03-26 17:42:22.801 +01:00 [INF] Request starting HTTP/2 GET https://localhost:44335/index.js - null null
2025-03-26 17:42:22.801 +01:00 [INF] Request starting HTTP/2 GET https://localhost:44335/_framework/aspnetcore-browser-refresh.js - null null
2025-03-26 17:42:22.817 +01:00 [INF] HTTP GET /index.js responded 200 in 15.6050 ms
2025-03-26 17:42:22.848 +01:00 [INF] Request starting HTTP/2 GET https://localhost:44335/_vs/browserLink - null null
2025-03-26 17:42:22.880 +01:00 [INF] Request finished HTTP/2 GET https://localhost:44335/index.js - 200 null application/javascript;charset=utf-8 80.4157ms
2025-03-26 17:42:22.886 +01:00 [INF] Request finished HTTP/2 GET https://localhost:44335/_framework/aspnetcore-browser-refresh.js - 200 16507 application/javascript; charset=utf-8 85.5817ms
2025-03-26 17:42:22.974 +01:00 [INF] Request finished HTTP/2 GET https://localhost:44335/_vs/browserLink - 200 null text/javascript; charset=UTF-8 156.6629ms
2025-03-26 17:42:23.000 +01:00 [INF] Request starting HTTP/2 GET https://localhost:44335/swagger/v1/swagger.json - null null
2025-03-26 17:42:23.113 +01:00 [INF] HTTP GET /swagger/v1/swagger.json responded 200 in 111.8729 ms
2025-03-26 17:42:23.113 +01:00 [INF] Request finished HTTP/2 GET https://localhost:44335/swagger/v1/swagger.json - 200 null application/json;charset=utf-8 113.6134ms
2025-03-26 17:43:13.469 +01:00 [INF] Request starting HTTP/2 POST https://localhost:44335/api/Member - application/json 306
2025-03-26 17:43:13.546 +01:00 [INF] Executing endpoint 'EPSPlus.API.Controllers.MemberController.CreateMember (EPSPlus.API)'
2025-03-26 17:43:13.593 +01:00 [INF] Route matched with {action = "CreateMember", controller = "Member"}. Executing controller action with signature System.Threading.Tasks.Task`1[Microsoft.AspNetCore.Mvc.ActionResult`1[EPSPlus.Domain.Entities.Member]] CreateMember(EPSPlus.Domain.Entities.Member) on controller EPSPlus.API.Controllers.MemberController (EPSPlus.API).
2025-03-26 17:43:13.980 +01:00 [INF] Creating new member: Femi Ola
2025-03-26 17:43:13.983 +01:00 [INF] Adding new member: Femi Ola
2025-03-26 17:43:15.298 +01:00 [ERR] Failed executing DbCommand (48ms) [Parameters=[@p0='?' (DbType = Guid), @p1='?' (DbType = DateTime2), @p2='?' (DbType = DateTime2), @p3='?' (Size = 4000), @p4='?' (Size = 50), @p5='?' (DbType = Boolean), @p6='?' (Size = 50), @p7='?' (Size = 4000), @p8='?' (DbType = DateTime2)], CommandType='"Text"', CommandTimeout='30']
SET IMPLICIT_TRANSACTIONS OFF;
SET NOCOUNT ON;
INSERT INTO [Members] ([Id], [CreatedAt], [DateOfBirth], [Email], [FirstName], [IsActive], [LastName], [PhoneNumber], [UpdatedAt])
VALUES (@p0, @p1, @p2, @p3, @p4, @p5, @p6, @p7, @p8);
2025-03-26 17:43:15.348 +01:00 [ERR] An exception occurred in the database while saving changes for context type 'EPSPlus.Infrastructure.Persistence.ApplicationDbContext'.
Microsoft.EntityFrameworkCore.DbUpdateException: An error occurred while saving the entity changes. See the inner exception for details.
 ---> Microsoft.Data.SqlClient.SqlException (0x80131904): Violation of PRIMARY KEY constraint 'PK_Members'. Cannot insert duplicate key in object 'dbo.Members'. The duplicate key value is (3fa85f64-5717-4562-b3fc-2c963f66afa6).
The statement has been terminated.
   at Microsoft.Data.SqlClient.SqlCommand.<>c.<ExecuteDbDataReaderAsync>b__211_0(Task`1 result)
   at System.Threading.Tasks.ContinuationResultTaskFromResultTask`2.InnerInvoke()
   at System.Threading.ExecutionContext.RunInternal(ExecutionContext executionContext, ContextCallback callback, Object state)
--- End of stack trace from previous location ---
   at System.Threading.ExecutionContext.RunInternal(ExecutionContext executionContext, ContextCallback callback, Object state)
   at System.Threading.Tasks.Task.ExecuteWithThreadLocal(Task& currentTaskSlot, Thread threadPoolThread)
--- End of stack trace from previous location ---
   at Microsoft.EntityFrameworkCore.Storage.RelationalCommand.ExecuteReaderAsync(RelationalCommandParameterObject parameterObject, CancellationToken cancellationToken)
   at Microsoft.EntityFrameworkCore.Storage.RelationalCommand.ExecuteReaderAsync(RelationalCommandParameterObject parameterObject, CancellationToken cancellationToken)
   at Microsoft.EntityFrameworkCore.Update.ReaderModificationCommandBatch.ExecuteAsync(IRelationalConnection connection, CancellationToken cancellationToken)
ClientConnectionId:8f992370-60a5-4c62-aa04-02803d49a077
Error Number:2627,State:1,Class:14
   --- End of inner exception stack trace ---
   at Microsoft.EntityFrameworkCore.Update.ReaderModificationCommandBatch.ExecuteAsync(IRelationalConnection connection, CancellationToken cancellationToken)
   at Microsoft.EntityFrameworkCore.SqlServer.Update.Internal.SqlServerModificationCommandBatch.ExecuteAsync(IRelationalConnection connection, CancellationToken cancellationToken)
   at Microsoft.EntityFrameworkCore.Update.Internal.BatchExecutor.ExecuteAsync(IEnumerable`1 commandBatches, IRelationalConnection connection, CancellationToken cancellationToken)
   at Microsoft.EntityFrameworkCore.Update.Internal.BatchExecutor.ExecuteAsync(IEnumerable`1 commandBatches, IRelationalConnection connection, CancellationToken cancellationToken)
   at Microsoft.EntityFrameworkCore.Update.Internal.BatchExecutor.ExecuteAsync(IEnumerable`1 commandBatches, IRelationalConnection connection, CancellationToken cancellationToken)
   at Microsoft.EntityFrameworkCore.Storage.RelationalDatabase.SaveChangesAsync(IList`1 entries, CancellationToken cancellationToken)
   at Microsoft.EntityFrameworkCore.ChangeTracking.Internal.StateManager.SaveChangesAsync(IList`1 entriesToSave, CancellationToken cancellationToken)
   at Microsoft.EntityFrameworkCore.ChangeTracking.Internal.StateManager.SaveChangesAsync(StateManager stateManager, Boolean acceptAllChangesOnSuccess, CancellationToken cancellationToken)
   at Microsoft.EntityFrameworkCore.SqlServer.Storage.Internal.SqlServerExecutionStrategy.ExecuteAsync[TState,TResult](TState state, Func`4 operation, Func`4 verifySucceeded, CancellationToken cancellationToken)
   at Microsoft.EntityFrameworkCore.DbContext.SaveChangesAsync(Boolean acceptAllChangesOnSuccess, CancellationToken cancellationToken)
Microsoft.EntityFrameworkCore.DbUpdateException: An error occurred while saving the entity changes. See the inner exception for details.
 ---> Microsoft.Data.SqlClient.SqlException (0x80131904): Violation of PRIMARY KEY constraint 'PK_Members'. Cannot insert duplicate key in object 'dbo.Members'. The duplicate key value is (3fa85f64-5717-4562-b3fc-2c963f66afa6).
The statement has been terminated.
   at Microsoft.Data.SqlClient.SqlCommand.<>c.<ExecuteDbDataReaderAsync>b__211_0(Task`1 result)
   at System.Threading.Tasks.ContinuationResultTaskFromResultTask`2.InnerInvoke()
   at System.Threading.ExecutionContext.RunInternal(ExecutionContext executionContext, ContextCallback callback, Object state)
--- End of stack trace from previous location ---
   at System.Threading.ExecutionContext.RunInternal(ExecutionContext executionContext, ContextCallback callback, Object state)
   at System.Threading.Tasks.Task.ExecuteWithThreadLocal(Task& currentTaskSlot, Thread threadPoolThread)
--- End of stack trace from previous location ---
   at Microsoft.EntityFrameworkCore.Storage.RelationalCommand.ExecuteReaderAsync(RelationalCommandParameterObject parameterObject, CancellationToken cancellationToken)
   at Microsoft.EntityFrameworkCore.Storage.RelationalCommand.ExecuteReaderAsync(RelationalCommandParameterObject parameterObject, CancellationToken cancellationToken)
   at Microsoft.EntityFrameworkCore.Update.ReaderModificationCommandBatch.ExecuteAsync(IRelationalConnection connection, CancellationToken cancellationToken)
ClientConnectionId:8f992370-60a5-4c62-aa04-02803d49a077
Error Number:2627,State:1,Class:14
   --- End of inner exception stack trace ---
   at Microsoft.EntityFrameworkCore.Update.ReaderModificationCommandBatch.ExecuteAsync(IRelationalConnection connection, CancellationToken cancellationToken)
   at Microsoft.EntityFrameworkCore.SqlServer.Update.Internal.SqlServerModificationCommandBatch.ExecuteAsync(IRelationalConnection connection, CancellationToken cancellationToken)
   at Microsoft.EntityFrameworkCore.Update.Internal.BatchExecutor.ExecuteAsync(IEnumerable`1 commandBatches, IRelationalConnection connection, CancellationToken cancellationToken)
   at Microsoft.EntityFrameworkCore.Update.Internal.BatchExecutor.ExecuteAsync(IEnumerable`1 commandBatches, IRelationalConnection connection, CancellationToken cancellationToken)
   at Microsoft.EntityFrameworkCore.Update.Internal.BatchExecutor.ExecuteAsync(IEnumerable`1 commandBatches, IRelationalConnection connection, CancellationToken cancellationToken)
   at Microsoft.EntityFrameworkCore.Storage.RelationalDatabase.SaveChangesAsync(IList`1 entries, CancellationToken cancellationToken)
   at Microsoft.EntityFrameworkCore.ChangeTracking.Internal.StateManager.SaveChangesAsync(IList`1 entriesToSave, CancellationToken cancellationToken)
   at Microsoft.EntityFrameworkCore.ChangeTracking.Internal.StateManager.SaveChangesAsync(StateManager stateManager, Boolean acceptAllChangesOnSuccess, CancellationToken cancellationToken)
   at Microsoft.EntityFrameworkCore.SqlServer.Storage.Internal.SqlServerExecutionStrategy.ExecuteAsync[TState,TResult](TState state, Func`4 operation, Func`4 verifySucceeded, CancellationToken cancellationToken)
   at Microsoft.EntityFrameworkCore.DbContext.SaveChangesAsync(Boolean acceptAllChangesOnSuccess, CancellationToken cancellationToken)
2025-03-26 17:43:28.152 +01:00 [INF] Executed action EPSPlus.API.Controllers.MemberController.CreateMember (EPSPlus.API) in 14552.0084ms
2025-03-26 17:43:28.155 +01:00 [INF] Executed endpoint 'EPSPlus.API.Controllers.MemberController.CreateMember (EPSPlus.API)'
2025-03-26 17:43:28.160 +01:00 [ERR] HTTP POST /api/Member responded 500 in 14689.4677 ms
Microsoft.EntityFrameworkCore.DbUpdateException: An error occurred while saving the entity changes. See the inner exception for details.
 ---> Microsoft.Data.SqlClient.SqlException (0x80131904): Violation of PRIMARY KEY constraint 'PK_Members'. Cannot insert duplicate key in object 'dbo.Members'. The duplicate key value is (3fa85f64-5717-4562-b3fc-2c963f66afa6).
The statement has been terminated.
   at Microsoft.Data.SqlClient.SqlCommand.<>c.<ExecuteDbDataReaderAsync>b__211_0(Task`1 result)
   at System.Threading.Tasks.ContinuationResultTaskFromResultTask`2.InnerInvoke()
   at System.Threading.ExecutionContext.RunInternal(ExecutionContext executionContext, ContextCallback callback, Object state)
--- End of stack trace from previous location ---
   at System.Threading.ExecutionContext.RunInternal(ExecutionContext executionContext, ContextCallback callback, Object state)
   at System.Threading.Tasks.Task.ExecuteWithThreadLocal(Task& currentTaskSlot, Thread threadPoolThread)
--- End of stack trace from previous location ---
   at Microsoft.EntityFrameworkCore.Storage.RelationalCommand.ExecuteReaderAsync(RelationalCommandParameterObject parameterObject, CancellationToken cancellationToken)
   at Microsoft.EntityFrameworkCore.Storage.RelationalCommand.ExecuteReaderAsync(RelationalCommandParameterObject parameterObject, CancellationToken cancellationToken)
   at Microsoft.EntityFrameworkCore.Update.ReaderModificationCommandBatch.ExecuteAsync(IRelationalConnection connection, CancellationToken cancellationToken)
ClientConnectionId:8f992370-60a5-4c62-aa04-02803d49a077
Error Number:2627,State:1,Class:14
   --- End of inner exception stack trace ---
   at Microsoft.EntityFrameworkCore.Update.ReaderModificationCommandBatch.ExecuteAsync(IRelationalConnection connection, CancellationToken cancellationToken)
   at Microsoft.EntityFrameworkCore.SqlServer.Update.Internal.SqlServerModificationCommandBatch.ExecuteAsync(IRelationalConnection connection, CancellationToken cancellationToken)
   at Microsoft.EntityFrameworkCore.Update.Internal.BatchExecutor.ExecuteAsync(IEnumerable`1 commandBatches, IRelationalConnection connection, CancellationToken cancellationToken)
   at Microsoft.EntityFrameworkCore.Update.Internal.BatchExecutor.ExecuteAsync(IEnumerable`1 commandBatches, IRelationalConnection connection, CancellationToken cancellationToken)
   at Microsoft.EntityFrameworkCore.Update.Internal.BatchExecutor.ExecuteAsync(IEnumerable`1 commandBatches, IRelationalConnection connection, CancellationToken cancellationToken)
   at Microsoft.EntityFrameworkCore.Storage.RelationalDatabase.SaveChangesAsync(IList`1 entries, CancellationToken cancellationToken)
   at Microsoft.EntityFrameworkCore.ChangeTracking.Internal.StateManager.SaveChangesAsync(IList`1 entriesToSave, CancellationToken cancellationToken)
   at Microsoft.EntityFrameworkCore.ChangeTracking.Internal.StateManager.SaveChangesAsync(StateManager stateManager, Boolean acceptAllChangesOnSuccess, CancellationToken cancellationToken)
   at Microsoft.EntityFrameworkCore.SqlServer.Storage.Internal.SqlServerExecutionStrategy.ExecuteAsync[TState,TResult](TState state, Func`4 operation, Func`4 verifySucceeded, CancellationToken cancellationToken)
   at Microsoft.EntityFrameworkCore.DbContext.SaveChangesAsync(Boolean acceptAllChangesOnSuccess, CancellationToken cancellationToken)
   at Microsoft.EntityFrameworkCore.DbContext.SaveChangesAsync(Boolean acceptAllChangesOnSuccess, CancellationToken cancellationToken)
   at EPSPlus.Infrastructure.Repositories.MemberRepository.AddAsync(Member member) in C:\Users\onyedika.ezeamama\Desktop\project\EPSPlus\EPSPlus.Infrastructure\Repositories\MemberRepository.cs:line 38
   at EPSPlus.API.Controllers.MemberController.CreateMember(Member member) in C:\Users\onyedika.ezeamama\Desktop\project\EPSPlus\EPSPlus.API\Controllers\MemberController.cs:line 57
   at lambda_method20(Closure, Object)
   at Microsoft.AspNetCore.Mvc.Infrastructure.ActionMethodExecutor.AwaitableObjectResultExecutor.Execute(ActionContext actionContext, IActionResultTypeMapper mapper, ObjectMethodExecutor executor, Object controller, Object[] arguments)
   at Microsoft.AspNetCore.Mvc.Infrastructure.ControllerActionInvoker.<InvokeActionMethodAsync>g__Awaited|12_0(ControllerActionInvoker invoker, ValueTask`1 actionResultValueTask)
   at Microsoft.AspNetCore.Mvc.Infrastructure.ControllerActionInvoker.<InvokeNextActionFilterAsync>g__Awaited|10_0(ControllerActionInvoker invoker, Task lastTask, State next, Scope scope, Object state, Boolean isCompleted)
   at Microsoft.AspNetCore.Mvc.Infrastructure.ControllerActionInvoker.Rethrow(ActionExecutedContextSealed context)
   at Microsoft.AspNetCore.Mvc.Infrastructure.ControllerActionInvoker.Next(State& next, Scope& scope, Object& state, Boolean& isCompleted)
   at Microsoft.AspNetCore.Mvc.Infrastructure.ControllerActionInvoker.<InvokeInnerFilterAsync>g__Awaited|13_0(ControllerActionInvoker invoker, Task lastTask, State next, Scope scope, Object state, Boolean isCompleted)
   at Microsoft.AspNetCore.Mvc.Infrastructure.ResourceInvoker.<InvokeFilterPipelineAsync>g__Awaited|20_0(ResourceInvoker invoker, Task lastTask, State next, Scope scope, Object state, Boolean isCompleted)
   at Microsoft.AspNetCore.Mvc.Infrastructure.ResourceInvoker.<InvokeAsync>g__Logged|17_1(ResourceInvoker invoker)
   at Microsoft.AspNetCore.Mvc.Infrastructure.ResourceInvoker.<InvokeAsync>g__Logged|17_1(ResourceInvoker invoker)
   at Microsoft.AspNetCore.Routing.EndpointMiddleware.<Invoke>g__AwaitRequestTask|7_0(Endpoint endpoint, Task requestTask, ILogger logger)
   at Microsoft.AspNetCore.Authorization.AuthorizationMiddleware.Invoke(HttpContext context)
   at Swashbuckle.AspNetCore.SwaggerUI.SwaggerUIMiddleware.Invoke(HttpContext httpContext)
   at Swashbuckle.AspNetCore.Swagger.SwaggerMiddleware.Invoke(HttpContext httpContext, ISwaggerProvider swaggerProvider)
   at Serilog.AspNetCore.RequestLoggingMiddleware.Invoke(HttpContext httpContext)
2025-03-26 17:43:28.195 +01:00 [ERR] An unhandled exception has occurred while executing the request.
Microsoft.EntityFrameworkCore.DbUpdateException: An error occurred while saving the entity changes. See the inner exception for details.
 ---> Microsoft.Data.SqlClient.SqlException (0x80131904): Violation of PRIMARY KEY constraint 'PK_Members'. Cannot insert duplicate key in object 'dbo.Members'. The duplicate key value is (3fa85f64-5717-4562-b3fc-2c963f66afa6).
The statement has been terminated.
   at Microsoft.Data.SqlClient.SqlCommand.<>c.<ExecuteDbDataReaderAsync>b__211_0(Task`1 result)
   at System.Threading.Tasks.ContinuationResultTaskFromResultTask`2.InnerInvoke()
   at System.Threading.ExecutionContext.RunInternal(ExecutionContext executionContext, ContextCallback callback, Object state)
--- End of stack trace from previous location ---
   at System.Threading.ExecutionContext.RunInternal(ExecutionContext executionContext, ContextCallback callback, Object state)
   at System.Threading.Tasks.Task.ExecuteWithThreadLocal(Task& currentTaskSlot, Thread threadPoolThread)
--- End of stack trace from previous location ---
   at Microsoft.EntityFrameworkCore.Storage.RelationalCommand.ExecuteReaderAsync(RelationalCommandParameterObject parameterObject, CancellationToken cancellationToken)
   at Microsoft.EntityFrameworkCore.Storage.RelationalCommand.ExecuteReaderAsync(RelationalCommandParameterObject parameterObject, CancellationToken cancellationToken)
   at Microsoft.EntityFrameworkCore.Update.ReaderModificationCommandBatch.ExecuteAsync(IRelationalConnection connection, CancellationToken cancellationToken)
ClientConnectionId:8f992370-60a5-4c62-aa04-02803d49a077
Error Number:2627,State:1,Class:14
   --- End of inner exception stack trace ---
   at Microsoft.EntityFrameworkCore.Update.ReaderModificationCommandBatch.ExecuteAsync(IRelationalConnection connection, CancellationToken cancellationToken)
   at Microsoft.EntityFrameworkCore.SqlServer.Update.Internal.SqlServerModificationCommandBatch.ExecuteAsync(IRelationalConnection connection, CancellationToken cancellationToken)
   at Microsoft.EntityFrameworkCore.Update.Internal.BatchExecutor.ExecuteAsync(IEnumerable`1 commandBatches, IRelationalConnection connection, CancellationToken cancellationToken)
   at Microsoft.EntityFrameworkCore.Update.Internal.BatchExecutor.ExecuteAsync(IEnumerable`1 commandBatches, IRelationalConnection connection, CancellationToken cancellationToken)
   at Microsoft.EntityFrameworkCore.Update.Internal.BatchExecutor.ExecuteAsync(IEnumerable`1 commandBatches, IRelationalConnection connection, CancellationToken cancellationToken)
   at Microsoft.EntityFrameworkCore.Storage.RelationalDatabase.SaveChangesAsync(IList`1 entries, CancellationToken cancellationToken)
   at Microsoft.EntityFrameworkCore.ChangeTracking.Internal.StateManager.SaveChangesAsync(IList`1 entriesToSave, CancellationToken cancellationToken)
   at Microsoft.EntityFrameworkCore.ChangeTracking.Internal.StateManager.SaveChangesAsync(StateManager stateManager, Boolean acceptAllChangesOnSuccess, CancellationToken cancellationToken)
   at Microsoft.EntityFrameworkCore.SqlServer.Storage.Internal.SqlServerExecutionStrategy.ExecuteAsync[TState,TResult](TState state, Func`4 operation, Func`4 verifySucceeded, CancellationToken cancellationToken)
   at Microsoft.EntityFrameworkCore.DbContext.SaveChangesAsync(Boolean acceptAllChangesOnSuccess, CancellationToken cancellationToken)
   at Microsoft.EntityFrameworkCore.DbContext.SaveChangesAsync(Boolean acceptAllChangesOnSuccess, CancellationToken cancellationToken)
   at EPSPlus.Infrastructure.Repositories.MemberRepository.AddAsync(Member member) in C:\Users\onyedika.ezeamama\Desktop\project\EPSPlus\EPSPlus.Infrastructure\Repositories\MemberRepository.cs:line 38
   at EPSPlus.API.Controllers.MemberController.CreateMember(Member member) in C:\Users\onyedika.ezeamama\Desktop\project\EPSPlus\EPSPlus.API\Controllers\MemberController.cs:line 57
   at lambda_method20(Closure, Object)
   at Microsoft.AspNetCore.Mvc.Infrastructure.ActionMethodExecutor.AwaitableObjectResultExecutor.Execute(ActionContext actionContext, IActionResultTypeMapper mapper, ObjectMethodExecutor executor, Object controller, Object[] arguments)
   at Microsoft.AspNetCore.Mvc.Infrastructure.ControllerActionInvoker.<InvokeActionMethodAsync>g__Awaited|12_0(ControllerActionInvoker invoker, ValueTask`1 actionResultValueTask)
   at Microsoft.AspNetCore.Mvc.Infrastructure.ControllerActionInvoker.<InvokeNextActionFilterAsync>g__Awaited|10_0(ControllerActionInvoker invoker, Task lastTask, State next, Scope scope, Object state, Boolean isCompleted)
   at Microsoft.AspNetCore.Mvc.Infrastructure.ControllerActionInvoker.Rethrow(ActionExecutedContextSealed context)
   at Microsoft.AspNetCore.Mvc.Infrastructure.ControllerActionInvoker.Next(State& next, Scope& scope, Object& state, Boolean& isCompleted)
   at Microsoft.AspNetCore.Mvc.Infrastructure.ControllerActionInvoker.<InvokeInnerFilterAsync>g__Awaited|13_0(ControllerActionInvoker invoker, Task lastTask, State next, Scope scope, Object state, Boolean isCompleted)
   at Microsoft.AspNetCore.Mvc.Infrastructure.ResourceInvoker.<InvokeFilterPipelineAsync>g__Awaited|20_0(ResourceInvoker invoker, Task lastTask, State next, Scope scope, Object state, Boolean isCompleted)
   at Microsoft.AspNetCore.Mvc.Infrastructure.ResourceInvoker.<InvokeAsync>g__Logged|17_1(ResourceInvoker invoker)
   at Microsoft.AspNetCore.Mvc.Infrastructure.ResourceInvoker.<InvokeAsync>g__Logged|17_1(ResourceInvoker invoker)
   at Microsoft.AspNetCore.Routing.EndpointMiddleware.<Invoke>g__AwaitRequestTask|7_0(Endpoint endpoint, Task requestTask, ILogger logger)
   at Microsoft.AspNetCore.Authorization.AuthorizationMiddleware.Invoke(HttpContext context)
   at Swashbuckle.AspNetCore.SwaggerUI.SwaggerUIMiddleware.Invoke(HttpContext httpContext)
   at Swashbuckle.AspNetCore.Swagger.SwaggerMiddleware.Invoke(HttpContext httpContext, ISwaggerProvider swaggerProvider)
   at Serilog.AspNetCore.RequestLoggingMiddleware.Invoke(HttpContext httpContext)
   at Microsoft.AspNetCore.Authentication.AuthenticationMiddleware.Invoke(HttpContext context)
   at Microsoft.AspNetCore.Diagnostics.DeveloperExceptionPageMiddlewareImpl.Invoke(HttpContext context)
2025-03-26 17:43:28.225 +01:00 [INF] Request finished HTTP/2 POST https://localhost:44335/api/Member - 500 null text/plain; charset=utf-8 14756.257ms
2025-03-26 17:43:49.820 +01:00 [INF] Request starting HTTP/2 POST https://localhost:44335/api/Member - application/json 258
2025-03-26 17:43:49.823 +01:00 [INF] Executing endpoint 'EPSPlus.API.Controllers.MemberController.CreateMember (EPSPlus.API)'
2025-03-26 17:43:49.824 +01:00 [INF] Route matched with {action = "CreateMember", controller = "Member"}. Executing controller action with signature System.Threading.Tasks.Task`1[Microsoft.AspNetCore.Mvc.ActionResult`1[EPSPlus.Domain.Entities.Member]] CreateMember(EPSPlus.Domain.Entities.Member) on controller EPSPlus.API.Controllers.MemberController (EPSPlus.API).
2025-03-26 17:43:49.862 +01:00 [INF] Creating new member: Femi Ola
2025-03-26 17:43:49.862 +01:00 [INF] Adding new member: Femi Ola
2025-03-26 17:43:49.931 +01:00 [INF] Executed DbCommand (6ms) [Parameters=[@p0='?' (DbType = Guid), @p1='?' (DbType = DateTime2), @p2='?' (DbType = DateTime2), @p3='?' (Size = 4000), @p4='?' (Size = 50), @p5='?' (DbType = Boolean), @p6='?' (Size = 50), @p7='?' (Size = 4000), @p8='?' (DbType = DateTime2)], CommandType='"Text"', CommandTimeout='30']
SET IMPLICIT_TRANSACTIONS OFF;
SET NOCOUNT ON;
INSERT INTO [Members] ([Id], [CreatedAt], [DateOfBirth], [Email], [FirstName], [IsActive], [LastName], [PhoneNumber], [UpdatedAt])
VALUES (@p0, @p1, @p2, @p3, @p4, @p5, @p6, @p7, @p8);
2025-03-26 17:43:49.947 +01:00 [INF] Successfully added member: Femi Ola
2025-03-26 17:43:49.948 +01:00 [INF] Member Femi Ola created successfully
2025-03-26 17:43:49.963 +01:00 [INF] Executing CreatedAtActionResult, writing value of type 'EPSPlus.Domain.Entities.Member'.
2025-03-26 17:43:50.001 +01:00 [INF] Executed action EPSPlus.API.Controllers.MemberController.CreateMember (EPSPlus.API) in 176.9482ms
2025-03-26 17:43:50.002 +01:00 [INF] Executed endpoint 'EPSPlus.API.Controllers.MemberController.CreateMember (EPSPlus.API)'
2025-03-26 17:43:50.002 +01:00 [INF] HTTP POST /api/Member responded 201 in 179.7713 ms
2025-03-26 17:43:50.003 +01:00 [INF] Request finished HTTP/2 POST https://localhost:44335/api/Member - 201 null application/json; charset=utf-8 182.8363ms
2025-03-26 17:52:19.298 +01:00 [INF] Start installing Hangfire SQL objects...
2025-03-26 17:52:20.334 +01:00 [INF] Hangfire SQL objects installed.
2025-03-26 17:52:21.169 +01:00 [INF] Request starting HTTP/2 GET https://localhost:44335/index.html - null null
2025-03-26 17:52:21.208 +01:00 [INF] Starting Hangfire Server using job storage: 'SQL Server: (local)@EPSPlusDB'
2025-03-26 17:52:21.208 +01:00 [INF] Using the following options for SQL Server job storage: Queue poll interval: 00:00:00.
2025-03-26 17:52:21.209 +01:00 [INF] Using the following options for Hangfire Server:
    Worker count: 20
    Listening queues: 'default'
    Shutdown timeout: 00:00:15
    Schedule polling interval: 00:00:15
2025-03-26 17:52:21.294 +01:00 [INF] Application started. Press Ctrl+C to shut down.
2025-03-26 17:52:21.294 +01:00 [INF] Hosting environment: Development
2025-03-26 17:52:21.294 +01:00 [INF] Content root path: C:\Users\onyedika.ezeamama\Desktop\project\EPSPlus\EPSPlus.API
2025-03-26 17:52:21.355 +01:00 [INF] Server desktop-p6lqc67:40300:8c8a5b21 successfully announced in 15.0669 ms
2025-03-26 17:52:21.364 +01:00 [INF] Server desktop-p6lqc67:40300:8c8a5b21 is starting the registered dispatchers: ServerWatchdog, ServerJobCancellationWatcher, ExpirationManager, CountersAggregator, SqlServerHeartbeatProcess, Worker, DelayedJobScheduler, RecurringJobScheduler...
2025-03-26 17:52:21.441 +01:00 [INF] 1 servers were removed due to timeout
2025-03-26 17:52:21.659 +01:00 [INF] Server desktop-p6lqc67:40300:8c8a5b21 all the dispatchers started
2025-03-26 17:52:21.827 +01:00 [INF] HTTP GET /index.html responded 200 in 113.5003 ms
2025-03-26 17:52:21.880 +01:00 [INF] Request finished HTTP/2 GET https://localhost:44335/index.html - 200 null text/html;charset=utf-8 722.7858ms
2025-03-26 17:52:21.909 +01:00 [INF] Request starting HTTP/2 GET https://localhost:44335/_framework/aspnetcore-browser-refresh.js - null null
2025-03-26 17:52:21.909 +01:00 [INF] Request starting HTTP/2 GET https://localhost:44335/index.js - null null
2025-03-26 17:52:21.932 +01:00 [INF] HTTP GET /index.js responded 200 in 20.6400 ms
2025-03-26 17:52:21.933 +01:00 [INF] Request finished HTTP/2 GET https://localhost:44335/index.js - 200 null application/javascript;charset=utf-8 25.2596ms
2025-03-26 17:52:21.943 +01:00 [INF] Request finished HTTP/2 GET https://localhost:44335/_framework/aspnetcore-browser-refresh.js - 200 16507 application/javascript; charset=utf-8 26.3565ms
2025-03-26 17:52:21.943 +01:00 [INF] Request starting HTTP/2 GET https://localhost:44335/_vs/browserLink - null null
2025-03-26 17:52:21.982 +01:00 [INF] Request finished HTTP/2 GET https://localhost:44335/_vs/browserLink - 200 null text/javascript; charset=UTF-8 38.7455ms
2025-03-26 17:52:22.070 +01:00 [INF] Request starting HTTP/2 GET https://localhost:44335/swagger/v1/swagger.json - null null
2025-03-26 17:52:22.202 +01:00 [INF] HTTP GET /swagger/v1/swagger.json responded 200 in 130.9491 ms
2025-03-26 17:52:22.202 +01:00 [INF] Request finished HTTP/2 GET https://localhost:44335/swagger/v1/swagger.json - 200 null application/json;charset=utf-8 132.8296ms
2025-03-26 17:52:57.634 +01:00 [INF] Request starting HTTP/2 POST https://localhost:44335/api/Member - application/json 261
2025-03-26 17:52:57.699 +01:00 [INF] Executing endpoint 'EPSPlus.API.Controllers.MemberController.CreateMember (EPSPlus.API)'
2025-03-26 17:52:57.761 +01:00 [INF] Route matched with {action = "CreateMember", controller = "Member"}. Executing controller action with signature System.Threading.Tasks.Task`1[Microsoft.AspNetCore.Mvc.ActionResult`1[EPSPlus.Domain.Entities.Member]] CreateMember(EPSPlus.Domain.Entities.Member) on controller EPSPlus.API.Controllers.MemberController (EPSPlus.API).
2025-03-26 17:53:10.849 +01:00 [INF] Creating new member: taiwo fela
2025-03-26 17:53:10.852 +01:00 [INF] Adding new member: taiwo fela
2025-03-26 17:53:11.875 +01:00 [INF] Executed DbCommand (30ms) [Parameters=[@p0='?' (DbType = Guid), @p1='?' (DbType = DateTime2), @p2='?' (DbType = DateTime2), @p3='?' (Size = 4000), @p4='?' (Size = 50), @p5='?' (DbType = Boolean), @p6='?' (Size = 50), @p7='?' (Size = 4000), @p8='?' (DbType = DateTime2)], CommandType='"Text"', CommandTimeout='30']
SET IMPLICIT_TRANSACTIONS OFF;
SET NOCOUNT ON;
INSERT INTO [Members] ([Id], [CreatedAt], [DateOfBirth], [Email], [FirstName], [IsActive], [LastName], [PhoneNumber], [UpdatedAt])
VALUES (@p0, @p1, @p2, @p3, @p4, @p5, @p6, @p7, @p8);
2025-03-26 17:53:11.904 +01:00 [INF] Successfully added member: taiwo fela
2025-03-26 17:53:11.904 +01:00 [INF] Member taiwo fela created successfully
2025-03-26 17:53:11.920 +01:00 [INF] Executing CreatedAtActionResult, writing value of type 'EPSPlus.Domain.Entities.Member'.
2025-03-26 17:53:11.964 +01:00 [INF] Executed action EPSPlus.API.Controllers.MemberController.CreateMember (EPSPlus.API) in 14195.3517ms
2025-03-26 17:53:11.965 +01:00 [INF] Executed endpoint 'EPSPlus.API.Controllers.MemberController.CreateMember (EPSPlus.API)'
2025-03-26 17:53:11.968 +01:00 [INF] HTTP POST /api/Member responded 201 in 14332.8102 ms
2025-03-26 17:53:11.979 +01:00 [INF] Request finished HTTP/2 POST https://localhost:44335/api/Member - 201 null application/json; charset=utf-8 14345.1553ms
2025-03-26 18:17:39.246 +01:00 [INF] Start installing Hangfire SQL objects...
2025-03-26 18:17:40.456 +01:00 [INF] Hangfire SQL objects installed.
2025-03-26 18:17:41.251 +01:00 [INF] Request starting HTTP/2 GET https://localhost:44335/index.html - null null
2025-03-26 18:17:41.295 +01:00 [INF] Starting Hangfire Server using job storage: 'SQL Server: (local)@EPSPlusDB'
2025-03-26 18:17:41.295 +01:00 [INF] Using the following options for SQL Server job storage: Queue poll interval: 00:00:00.
2025-03-26 18:17:41.296 +01:00 [INF] Using the following options for Hangfire Server:
    Worker count: 20
    Listening queues: 'default'
    Shutdown timeout: 00:00:15
    Schedule polling interval: 00:00:15
2025-03-26 18:17:41.345 +01:00 [INF] Application started. Press Ctrl+C to shut down.
2025-03-26 18:17:41.346 +01:00 [INF] Hosting environment: Development
2025-03-26 18:17:41.346 +01:00 [INF] Content root path: C:\Users\onyedika.ezeamama\Desktop\project\EPSPlus\EPSPlus.API
2025-03-26 18:17:41.401 +01:00 [INF] Server desktop-p6lqc67:13932:478973e4 successfully announced in 26.4238 ms
2025-03-26 18:17:41.413 +01:00 [INF] Server desktop-p6lqc67:13932:478973e4 is starting the registered dispatchers: ServerWatchdog, ServerJobCancellationWatcher, ExpirationManager, CountersAggregator, SqlServerHeartbeatProcess, Worker, DelayedJobScheduler, RecurringJobScheduler...
2025-03-26 18:17:41.497 +01:00 [INF] 1 servers were removed due to timeout
2025-03-26 18:17:41.700 +01:00 [INF] Server desktop-p6lqc67:13932:478973e4 all the dispatchers started
2025-03-26 18:17:42.095 +01:00 [INF] HTTP GET /index.html responded 200 in 190.0964 ms
2025-03-26 18:17:42.112 +01:00 [INF] Request finished HTTP/2 GET https://localhost:44335/index.html - 200 null text/html;charset=utf-8 873.2339ms
2025-03-26 18:17:42.210 +01:00 [INF] Request starting HTTP/2 GET https://localhost:44335/index.js - null null
2025-03-26 18:17:42.210 +01:00 [INF] Request starting HTTP/2 GET https://localhost:44335/_vs/browserLink - null null
2025-03-26 18:17:42.210 +01:00 [INF] Request starting HTTP/2 GET https://localhost:44335/_framework/aspnetcore-browser-refresh.js - null null
2025-03-26 18:17:42.424 +01:00 [INF] HTTP GET /index.js responded 200 in 211.9489 ms
2025-03-26 18:17:42.425 +01:00 [INF] Request finished HTTP/2 GET https://localhost:44335/index.js - 200 null application/javascript;charset=utf-8 215.9876ms
2025-03-26 18:17:42.481 +01:00 [INF] Request finished HTTP/2 GET https://localhost:44335/_framework/aspnetcore-browser-refresh.js - 200 16507 application/javascript; charset=utf-8 218.0385ms
2025-03-26 18:17:42.527 +01:00 [INF] Request finished HTTP/2 GET https://localhost:44335/_vs/browserLink - 200 null text/javascript; charset=UTF-8 317.2091ms
2025-03-26 18:17:42.633 +01:00 [INF] Request starting HTTP/2 GET https://localhost:44335/swagger/v1/swagger.json - null null
2025-03-26 18:17:42.921 +01:00 [INF] HTTP GET /swagger/v1/swagger.json responded 200 in 285.4897 ms
2025-03-26 18:17:42.921 +01:00 [INF] Request finished HTTP/2 GET https://localhost:44335/swagger/v1/swagger.json - 200 null application/json;charset=utf-8 287.7435ms
2025-03-26 18:17:43.052 +01:00 [INF] Retrying failed contributions...
2025-03-26 18:17:43.080 +01:00 [INF] Fetching all failed contributions
2025-03-26 18:17:44.919 +01:00 [INF] Executed DbCommand (31ms) [Parameters=[], CommandType='"Text"', CommandTimeout='30']
SELECT [c].[Id], [c].[Amount], [c].[ContributionDate], [c].[MemberId], [c].[Status], [c].[Type]
FROM [Contributions] AS [c]
WHERE [c].[Status] = 3
2025-03-26 18:17:45.030 +01:00 [INF] Fetched 5 failed contributions
2025-03-26 18:17:45.032 +01:00 [INF] Updating contribution with Id: "ebd50c16-5e42-4bda-9981-2358338fa5aa"
2025-03-26 18:17:45.229 +01:00 [INF] Executed DbCommand (13ms) [Parameters=[@p5='?' (DbType = Guid), @p0='?' (Precision = 18) (Scale = 2) (DbType = Decimal), @p1='?' (DbType = DateTime2), @p2='?' (DbType = Guid), @p3='?' (DbType = Int32), @p4='?' (DbType = Int32)], CommandType='"Text"', CommandTimeout='30']
SET IMPLICIT_TRANSACTIONS OFF;
SET NOCOUNT ON;
UPDATE [Contributions] SET [Amount] = @p0, [ContributionDate] = @p1, [MemberId] = @p2, [Status] = @p3, [Type] = @p4
OUTPUT 1
WHERE [Id] = @p5;
2025-03-26 18:17:45.245 +01:00 [INF] Successfully updated contribution with Id: "ebd50c16-5e42-4bda-9981-2358338fa5aa"
2025-03-26 18:17:45.246 +01:00 [INF] Retried contribution ebd50c16-5e42-4bda-9981-2358338fa5aa successfully.
2025-03-26 18:17:45.246 +01:00 [INF] Updating contribution with Id: "74ca6d42-b133-430e-b002-379ce6e28205"
2025-03-26 18:17:45.253 +01:00 [INF] Executed DbCommand (5ms) [Parameters=[@p5='?' (DbType = Guid), @p0='?' (Precision = 18) (Scale = 2) (DbType = Decimal), @p1='?' (DbType = DateTime2), @p2='?' (DbType = Guid), @p3='?' (DbType = Int32), @p4='?' (DbType = Int32)], CommandType='"Text"', CommandTimeout='30']
SET IMPLICIT_TRANSACTIONS OFF;
SET NOCOUNT ON;
UPDATE [Contributions] SET [Amount] = @p0, [ContributionDate] = @p1, [MemberId] = @p2, [Status] = @p3, [Type] = @p4
OUTPUT 1
WHERE [Id] = @p5;
2025-03-26 18:17:45.254 +01:00 [INF] Successfully updated contribution with Id: "74ca6d42-b133-430e-b002-379ce6e28205"
2025-03-26 18:17:45.254 +01:00 [INF] Retried contribution 74ca6d42-b133-430e-b002-379ce6e28205 successfully.
2025-03-26 18:17:45.254 +01:00 [INF] Updating contribution with Id: "97e5b3ca-76a4-425b-b2d0-46c41db448eb"
2025-03-26 18:17:45.263 +01:00 [INF] Executed DbCommand (5ms) [Parameters=[@p5='?' (DbType = Guid), @p0='?' (Precision = 18) (Scale = 2) (DbType = Decimal), @p1='?' (DbType = DateTime2), @p2='?' (DbType = Guid), @p3='?' (DbType = Int32), @p4='?' (DbType = Int32)], CommandType='"Text"', CommandTimeout='30']
SET IMPLICIT_TRANSACTIONS OFF;
SET NOCOUNT ON;
UPDATE [Contributions] SET [Amount] = @p0, [ContributionDate] = @p1, [MemberId] = @p2, [Status] = @p3, [Type] = @p4
OUTPUT 1
WHERE [Id] = @p5;
2025-03-26 18:17:45.264 +01:00 [INF] Successfully updated contribution with Id: "97e5b3ca-76a4-425b-b2d0-46c41db448eb"
2025-03-26 18:17:45.264 +01:00 [INF] Retried contribution 97e5b3ca-76a4-425b-b2d0-46c41db448eb successfully.
2025-03-26 18:17:45.264 +01:00 [INF] Updating contribution with Id: "ccf2e08f-5653-437f-a102-9006949e1239"
2025-03-26 18:17:45.269 +01:00 [INF] Executed DbCommand (4ms) [Parameters=[@p5='?' (DbType = Guid), @p0='?' (Precision = 18) (Scale = 2) (DbType = Decimal), @p1='?' (DbType = DateTime2), @p2='?' (DbType = Guid), @p3='?' (DbType = Int32), @p4='?' (DbType = Int32)], CommandType='"Text"', CommandTimeout='30']
SET IMPLICIT_TRANSACTIONS OFF;
SET NOCOUNT ON;
UPDATE [Contributions] SET [Amount] = @p0, [ContributionDate] = @p1, [MemberId] = @p2, [Status] = @p3, [Type] = @p4
OUTPUT 1
WHERE [Id] = @p5;
2025-03-26 18:17:45.270 +01:00 [INF] Successfully updated contribution with Id: "ccf2e08f-5653-437f-a102-9006949e1239"
2025-03-26 18:17:45.270 +01:00 [INF] Retried contribution ccf2e08f-5653-437f-a102-9006949e1239 successfully.
2025-03-26 18:17:45.270 +01:00 [INF] Updating contribution with Id: "dc175b70-aa2d-44cb-83d4-e8536356ecb3"
2025-03-26 18:17:45.277 +01:00 [INF] Executed DbCommand (6ms) [Parameters=[@p5='?' (DbType = Guid), @p0='?' (Precision = 18) (Scale = 2) (DbType = Decimal), @p1='?' (DbType = DateTime2), @p2='?' (DbType = Guid), @p3='?' (DbType = Int32), @p4='?' (DbType = Int32)], CommandType='"Text"', CommandTimeout='30']
SET IMPLICIT_TRANSACTIONS OFF;
SET NOCOUNT ON;
UPDATE [Contributions] SET [Amount] = @p0, [ContributionDate] = @p1, [MemberId] = @p2, [Status] = @p3, [Type] = @p4
OUTPUT 1
WHERE [Id] = @p5;
2025-03-26 18:17:45.278 +01:00 [INF] Successfully updated contribution with Id: "dc175b70-aa2d-44cb-83d4-e8536356ecb3"
2025-03-26 18:17:45.278 +01:00 [INF] Retried contribution dc175b70-aa2d-44cb-83d4-e8536356ecb3 successfully.
2025-03-26 18:17:45.278 +01:00 [INF] Retry job for failed contributions completed.
2025-03-26 18:19:08.503 +01:00 [INF] Request starting HTTP/2 GET https://localhost:44335/api/Contribution/statement/3FA85F64-5717-4562-B3FC-2C963F66AFA6/pdf?startDate=2025-03-01&endDate=2025-03-26 - null null
2025-03-26 18:19:08.585 +01:00 [INF] Executing endpoint 'EPSPlus.API.Controllers.ContributionController.GetContributionStatementPdf (EPSPlus.API)'
2025-03-26 18:19:08.628 +01:00 [INF] Route matched with {action = "GetContributionStatementPdf", controller = "Contribution"}. Executing controller action with signature System.Threading.Tasks.Task`1[Microsoft.AspNetCore.Mvc.IActionResult] GetContributionStatementPdf(System.Guid, System.DateTime, System.DateTime) on controller EPSPlus.API.Controllers.ContributionController (EPSPlus.API).
2025-03-26 18:19:08.682 +01:00 [INF] Generating PDF statement for Member ID: "3fa85f64-5717-4562-b3fc-2c963f66afa6" from "2025-03-01T00:00:00.0000000" to "2025-03-26T00:00:00.0000000"
2025-03-26 18:19:08.810 +01:00 [INF] Generating PDF statement for Member ID: 3fa85f64-5717-4562-b3fc-2c963f66afa6 from 01/03/2025 to 26/03/2025
2025-03-26 18:19:08.812 +01:00 [INF] Fetching all contributions for MemberId: "3fa85f64-5717-4562-b3fc-2c963f66afa6"
2025-03-26 18:19:08.896 +01:00 [INF] Executed DbCommand (6ms) [Parameters=[@__memberId_0='?' (DbType = Guid)], CommandType='"Text"', CommandTimeout='30']
SELECT [c].[Id], [c].[Amount], [c].[ContributionDate], [c].[MemberId], [c].[Status], [c].[Type]
FROM [Contributions] AS [c]
WHERE [c].[MemberId] = @__memberId_0
2025-03-26 18:19:08.897 +01:00 [INF] Fetched 14 contributions for MemberId: "3fa85f64-5717-4562-b3fc-2c963f66afa6"
2025-03-26 18:19:08.899 +01:00 [INF] Found 8 contributions within the date range.
2025-03-26 18:19:08.901 +01:00 [INF] Retrieving member by ID: "3fa85f64-5717-4562-b3fc-2c963f66afa6"
2025-03-26 18:19:08.924 +01:00 [INF] Executed DbCommand (4ms) [Parameters=[@__id_0='?' (DbType = Guid)], CommandType='"Text"', CommandTimeout='30']
SELECT TOP(1) [m].[Id], [m].[CreatedAt], [m].[DateOfBirth], [m].[Email], [m].[FirstName], [m].[IsActive], [m].[LastName], [m].[PhoneNumber], [m].[UpdatedAt]
FROM [Members] AS [m]
WHERE [m].[Id] = @__id_0
2025-03-26 18:19:08.984 +01:00 [INF] Found member details for Member ID: 3fa85f64-5717-4562-b3fc-2c963f66afa6, Name: Onyedika Ezeamama
2025-03-26 18:19:08.993 +01:00 [INF] Total Contributions for Member ID: 3fa85f64-5717-4562-b3fc-2c963f66afa6 within the date range: ₦122,980.00
2025-03-26 18:19:08.995 +01:00 [INF] Fetching all contributions for MemberId: "3fa85f64-5717-4562-b3fc-2c963f66afa6"
2025-03-26 18:19:09.003 +01:00 [INF] Executed DbCommand (3ms) [Parameters=[@__memberId_0='?' (DbType = Guid)], CommandType='"Text"', CommandTimeout='30']
SELECT [c].[Id], [c].[Amount], [c].[ContributionDate], [c].[MemberId], [c].[Status], [c].[Type]
FROM [Contributions] AS [c]
WHERE [c].[MemberId] = @__memberId_0
2025-03-26 18:19:09.004 +01:00 [INF] Fetched 14 contributions for MemberId: "3fa85f64-5717-4562-b3fc-2c963f66afa6"
2025-03-26 18:19:09.007 +01:00 [INF] Member ID: 3fa85f64-5717-4562-b3fc-2c963f66afa6 Eligibility for benefits: False
2025-03-26 18:19:09.008 +01:00 [INF] Statement DTO created for Member ID: 3fa85f64-5717-4562-b3fc-2c963f66afa6
2025-03-26 18:19:10.359 +01:00 [INF] PDF statement generated successfully for Member ID: 3fa85f64-5717-4562-b3fc-2c963f66afa6
2025-03-26 18:19:10.370 +01:00 [INF] Executing FileContentResult, sending file with download name 'ContributionStatement.pdf' ...
2025-03-26 18:19:10.384 +01:00 [INF] Executed action EPSPlus.API.Controllers.ContributionController.GetContributionStatementPdf (EPSPlus.API) in 1750.3245ms
2025-03-26 18:19:10.384 +01:00 [INF] Executed endpoint 'EPSPlus.API.Controllers.ContributionController.GetContributionStatementPdf (EPSPlus.API)'
2025-03-26 18:19:10.386 +01:00 [INF] HTTP GET /api/Contribution/statement/3FA85F64-5717-4562-B3FC-2C963F66AFA6/pdf responded 200 in 1881.9219 ms
2025-03-26 18:19:10.387 +01:00 [INF] Request finished HTTP/2 GET https://localhost:44335/api/Contribution/statement/3FA85F64-5717-4562-B3FC-2C963F66AFA6/pdf?startDate=2025-03-01&endDate=2025-03-26 - 200 1822 application/pdf 1885.1485ms
2025-03-26 18:20:57.829 +01:00 [INF] Request starting HTTP/2 GET https://localhost:44335/api/Contribution/statement/3FA85F64-5717-4562-B3FC-2C963F66AFA6/pdf?startDate=2025-03-01&endDate=2025-03-26 - null null
2025-03-26 18:20:57.833 +01:00 [INF] Executing endpoint 'EPSPlus.API.Controllers.ContributionController.GetContributionStatementPdf (EPSPlus.API)'
2025-03-26 18:20:57.834 +01:00 [INF] Route matched with {action = "GetContributionStatementPdf", controller = "Contribution"}. Executing controller action with signature System.Threading.Tasks.Task`1[Microsoft.AspNetCore.Mvc.IActionResult] GetContributionStatementPdf(System.Guid, System.DateTime, System.DateTime) on controller EPSPlus.API.Controllers.ContributionController (EPSPlus.API).
2025-03-26 18:20:57.842 +01:00 [INF] Generating PDF statement for Member ID: "3fa85f64-5717-4562-b3fc-2c963f66afa6" from "2025-03-01T00:00:00.0000000" to "2025-03-26T00:00:00.0000000"
2025-03-26 18:20:57.843 +01:00 [INF] Generating PDF statement for Member ID: 3fa85f64-5717-4562-b3fc-2c963f66afa6 from 01/03/2025 to 26/03/2025
2025-03-26 18:20:57.843 +01:00 [INF] Fetching all contributions for MemberId: "3fa85f64-5717-4562-b3fc-2c963f66afa6"
2025-03-26 18:20:57.930 +01:00 [INF] Executed DbCommand (2ms) [Parameters=[@__memberId_0='?' (DbType = Guid)], CommandType='"Text"', CommandTimeout='30']
SELECT [c].[Id], [c].[Amount], [c].[ContributionDate], [c].[MemberId], [c].[Status], [c].[Type]
FROM [Contributions] AS [c]
WHERE [c].[MemberId] = @__memberId_0
2025-03-26 18:20:57.931 +01:00 [INF] Fetched 14 contributions for MemberId: "3fa85f64-5717-4562-b3fc-2c963f66afa6"
2025-03-26 18:20:57.931 +01:00 [INF] Found 8 contributions within the date range.
2025-03-26 18:20:57.931 +01:00 [INF] Retrieving member by ID: "3fa85f64-5717-4562-b3fc-2c963f66afa6"
2025-03-26 18:20:57.934 +01:00 [INF] Executed DbCommand (2ms) [Parameters=[@__id_0='?' (DbType = Guid)], CommandType='"Text"', CommandTimeout='30']
SELECT TOP(1) [m].[Id], [m].[CreatedAt], [m].[DateOfBirth], [m].[Email], [m].[FirstName], [m].[IsActive], [m].[LastName], [m].[PhoneNumber], [m].[UpdatedAt]
FROM [Members] AS [m]
WHERE [m].[Id] = @__id_0
2025-03-26 18:20:57.935 +01:00 [INF] Found member details for Member ID: 3fa85f64-5717-4562-b3fc-2c963f66afa6, Name: Onyedika Ezeamama
2025-03-26 18:20:57.936 +01:00 [INF] Total Contributions for Member ID: 3fa85f64-5717-4562-b3fc-2c963f66afa6 within the date range: ₦122,980.00
2025-03-26 18:20:57.936 +01:00 [INF] Fetching all contributions for MemberId: "3fa85f64-5717-4562-b3fc-2c963f66afa6"
2025-03-26 18:20:57.938 +01:00 [INF] Executed DbCommand (1ms) [Parameters=[@__memberId_0='?' (DbType = Guid)], CommandType='"Text"', CommandTimeout='30']
SELECT [c].[Id], [c].[Amount], [c].[ContributionDate], [c].[MemberId], [c].[Status], [c].[Type]
FROM [Contributions] AS [c]
WHERE [c].[MemberId] = @__memberId_0
2025-03-26 18:20:57.939 +01:00 [INF] Fetched 14 contributions for MemberId: "3fa85f64-5717-4562-b3fc-2c963f66afa6"
2025-03-26 18:20:57.939 +01:00 [INF] Member ID: 3fa85f64-5717-4562-b3fc-2c963f66afa6 Eligibility for benefits: False
2025-03-26 18:20:57.939 +01:00 [INF] Statement DTO created for Member ID: 3fa85f64-5717-4562-b3fc-2c963f66afa6
2025-03-26 18:20:57.984 +01:00 [INF] PDF statement generated successfully for Member ID: 3fa85f64-5717-4562-b3fc-2c963f66afa6
2025-03-26 18:20:57.985 +01:00 [INF] Executing FileContentResult, sending file with download name 'ContributionStatement.pdf' ...
2025-03-26 18:20:57.986 +01:00 [INF] Executed action EPSPlus.API.Controllers.ContributionController.GetContributionStatementPdf (EPSPlus.API) in 152.1753ms
2025-03-26 18:20:57.986 +01:00 [INF] Executed endpoint 'EPSPlus.API.Controllers.ContributionController.GetContributionStatementPdf (EPSPlus.API)'
2025-03-26 18:20:57.987 +01:00 [INF] HTTP GET /api/Contribution/statement/3FA85F64-5717-4562-B3FC-2C963F66AFA6/pdf responded 200 in 157.0686 ms
2025-03-26 18:20:57.987 +01:00 [INF] Request finished HTTP/2 GET https://localhost:44335/api/Contribution/statement/3FA85F64-5717-4562-B3FC-2C963F66AFA6/pdf?startDate=2025-03-01&endDate=2025-03-26 - 200 1822 application/pdf 159.2473ms
2025-03-26 18:21:15.695 +01:00 [INF] Start installing Hangfire SQL objects...
2025-03-26 18:21:17.072 +01:00 [INF] Hangfire SQL objects installed.
2025-03-26 18:21:17.926 +01:00 [INF] Request starting HTTP/2 GET https://localhost:44335/index.html - null null
2025-03-26 18:21:18.076 +01:00 [INF] Starting Hangfire Server using job storage: 'SQL Server: (local)@EPSPlusDB'
2025-03-26 18:21:18.076 +01:00 [INF] Using the following options for SQL Server job storage: Queue poll interval: 00:00:00.
2025-03-26 18:21:18.077 +01:00 [INF] Using the following options for Hangfire Server:
    Worker count: 20
    Listening queues: 'default'
    Shutdown timeout: 00:00:15
    Schedule polling interval: 00:00:15
2025-03-26 18:21:18.153 +01:00 [INF] Application started. Press Ctrl+C to shut down.
2025-03-26 18:21:18.153 +01:00 [INF] Hosting environment: Development
2025-03-26 18:21:18.153 +01:00 [INF] Content root path: C:\Users\onyedika.ezeamama\Desktop\project\EPSPlus\EPSPlus.API
2025-03-26 18:21:18.197 +01:00 [INF] Server desktop-p6lqc67:31244:47a4ab23 successfully announced in 29.3093 ms
2025-03-26 18:21:18.207 +01:00 [INF] Server desktop-p6lqc67:31244:47a4ab23 is starting the registered dispatchers: ServerWatchdog, ServerJobCancellationWatcher, ExpirationManager, CountersAggregator, SqlServerHeartbeatProcess, Worker, DelayedJobScheduler, RecurringJobScheduler...
2025-03-26 18:21:18.494 +01:00 [INF] Server desktop-p6lqc67:31244:47a4ab23 all the dispatchers started
2025-03-26 18:21:18.724 +01:00 [INF] HTTP GET /index.html responded 200 in 130.4227 ms
2025-03-26 18:21:18.739 +01:00 [INF] Request finished HTTP/2 GET https://localhost:44335/index.html - 200 null text/html;charset=utf-8 823.2785ms
2025-03-26 18:21:18.806 +01:00 [INF] Request starting HTTP/2 GET https://localhost:44335/_framework/aspnetcore-browser-refresh.js - null null
2025-03-26 18:21:18.806 +01:00 [INF] Request starting HTTP/2 GET https://localhost:44335/index.js - null null
2025-03-26 18:21:18.916 +01:00 [INF] HTTP GET /index.js responded 200 in 109.2288 ms
2025-03-26 18:21:18.917 +01:00 [INF] Request starting HTTP/2 GET https://localhost:44335/_vs/browserLink - null null
2025-03-26 18:21:18.933 +01:00 [INF] Request finished HTTP/2 GET https://localhost:44335/index.js - 200 null application/javascript;charset=utf-8 128.1653ms
2025-03-26 18:21:18.940 +01:00 [INF] Request finished HTTP/2 GET https://localhost:44335/_framework/aspnetcore-browser-refresh.js - 200 16507 application/javascript; charset=utf-8 135.0347ms
2025-03-26 18:21:18.988 +01:00 [INF] Request finished HTTP/2 GET https://localhost:44335/_vs/browserLink - 200 null text/javascript; charset=UTF-8 71.1486ms
2025-03-26 18:21:19.073 +01:00 [INF] Request starting HTTP/2 GET https://localhost:44335/swagger/v1/swagger.json - null null
2025-03-26 18:21:19.254 +01:00 [INF] HTTP GET /swagger/v1/swagger.json responded 200 in 180.6341 ms
2025-03-26 18:21:19.255 +01:00 [INF] Request finished HTTP/2 GET https://localhost:44335/swagger/v1/swagger.json - 200 null application/json;charset=utf-8 182.4594ms
2025-03-26 18:22:14.597 +01:00 [INF] Request starting HTTP/2 GET https://localhost:44335/api/Contribution/statement/3FA85F64-5717-4562-B3FC-2C963F66AFA6/pdf?startDate=2025-01-03&endDate=2025-03-26 - null null
2025-03-26 18:22:14.704 +01:00 [INF] Executing endpoint 'EPSPlus.API.Controllers.ContributionController.GetContributionStatementPdf (EPSPlus.API)'
2025-03-26 18:22:14.746 +01:00 [INF] Route matched with {action = "GetContributionStatementPdf", controller = "Contribution"}. Executing controller action with signature System.Threading.Tasks.Task`1[Microsoft.AspNetCore.Mvc.IActionResult] GetContributionStatementPdf(System.Guid, System.DateTime, System.DateTime) on controller EPSPlus.API.Controllers.ContributionController (EPSPlus.API).
2025-03-26 18:22:15.127 +01:00 [INF] Generating PDF statement for Member ID: "3fa85f64-5717-4562-b3fc-2c963f66afa6" from "2025-01-03T00:00:00.0000000" to "2025-03-26T00:00:00.0000000"
2025-03-26 18:22:15.248 +01:00 [INF] Generating PDF statement for Member ID: 3fa85f64-5717-4562-b3fc-2c963f66afa6 from 03/01/2025 to 26/03/2025
2025-03-26 18:22:15.270 +01:00 [INF] Fetching all contributions for MemberId: "3fa85f64-5717-4562-b3fc-2c963f66afa6"
2025-03-26 18:22:16.949 +01:00 [INF] Executed DbCommand (24ms) [Parameters=[@__memberId_0='?' (DbType = Guid)], CommandType='"Text"', CommandTimeout='30']
SELECT [c].[Id], [c].[Amount], [c].[ContributionDate], [c].[MemberId], [c].[Status], [c].[Type]
FROM [Contributions] AS [c]
WHERE [c].[MemberId] = @__memberId_0
2025-03-26 18:22:17.033 +01:00 [INF] Fetched 14 contributions for MemberId: "3fa85f64-5717-4562-b3fc-2c963f66afa6"
2025-03-26 18:22:38.582 +01:00 [INF] Found System.Func`2[System.Int32,System.Collections.Generic.IEnumerable`1[EPSPlus.Domain.Entities.Contribution[]]] contributions for Member ID: 3fa85f64-5717-4562-b3fc-2c963f66afa6
2025-03-26 18:22:38.583 +01:00 [INF] Found 8 contributions within the date range.
2025-03-26 18:22:38.597 +01:00 [INF] Retrieving member by ID: "3fa85f64-5717-4562-b3fc-2c963f66afa6"
2025-03-26 18:22:38.630 +01:00 [INF] Executed DbCommand (11ms) [Parameters=[@__id_0='?' (DbType = Guid)], CommandType='"Text"', CommandTimeout='30']
SELECT TOP(1) [m].[Id], [m].[CreatedAt], [m].[DateOfBirth], [m].[Email], [m].[FirstName], [m].[IsActive], [m].[LastName], [m].[PhoneNumber], [m].[UpdatedAt]
FROM [Members] AS [m]
WHERE [m].[Id] = @__id_0
2025-03-26 18:22:38.684 +01:00 [INF] Found member details for Member ID: 3fa85f64-5717-4562-b3fc-2c963f66afa6, Name: Onyedika Ezeamama
2025-03-26 18:22:38.689 +01:00 [INF] Total Contributions for Member ID: 3fa85f64-5717-4562-b3fc-2c963f66afa6 within the date range: ₦122,980.00
2025-03-26 18:22:38.691 +01:00 [INF] Fetching all contributions for MemberId: "3fa85f64-5717-4562-b3fc-2c963f66afa6"
2025-03-26 18:22:38.698 +01:00 [INF] Executed DbCommand (3ms) [Parameters=[@__memberId_0='?' (DbType = Guid)], CommandType='"Text"', CommandTimeout='30']
SELECT [c].[Id], [c].[Amount], [c].[ContributionDate], [c].[MemberId], [c].[Status], [c].[Type]
FROM [Contributions] AS [c]
WHERE [c].[MemberId] = @__memberId_0
2025-03-26 18:22:38.699 +01:00 [INF] Fetched 14 contributions for MemberId: "3fa85f64-5717-4562-b3fc-2c963f66afa6"
2025-03-26 18:22:38.702 +01:00 [INF] Member ID: 3fa85f64-5717-4562-b3fc-2c963f66afa6 Eligibility for benefits: False
2025-03-26 18:22:38.702 +01:00 [INF] Statement DTO created for Member ID: 3fa85f64-5717-4562-b3fc-2c963f66afa6
2025-03-26 18:22:39.760 +01:00 [INF] PDF statement generated successfully for Member ID: 3fa85f64-5717-4562-b3fc-2c963f66afa6
2025-03-26 18:22:39.772 +01:00 [INF] Executing FileContentResult, sending file with download name 'ContributionStatement.pdf' ...
2025-03-26 18:22:39.788 +01:00 [INF] Executed action EPSPlus.API.Controllers.ContributionController.GetContributionStatementPdf (EPSPlus.API) in 25036.3885ms
2025-03-26 18:22:39.789 +01:00 [INF] Executed endpoint 'EPSPlus.API.Controllers.ContributionController.GetContributionStatementPdf (EPSPlus.API)'
2025-03-26 18:22:39.790 +01:00 [INF] HTTP GET /api/Contribution/statement/3FA85F64-5717-4562-B3FC-2C963F66AFA6/pdf responded 200 in 25192.1039 ms
2025-03-26 18:22:39.800 +01:00 [INF] Request finished HTTP/2 GET https://localhost:44335/api/Contribution/statement/3FA85F64-5717-4562-B3FC-2C963F66AFA6/pdf?startDate=2025-01-03&endDate=2025-03-26 - 200 1824 application/pdf 25202.7606ms
2025-03-26 18:24:02.049 +01:00 [INF] Start installing Hangfire SQL objects...
2025-03-26 18:24:02.780 +01:00 [INF] Hangfire SQL objects installed.
2025-03-26 18:24:03.435 +01:00 [INF] Request starting HTTP/2 GET https://localhost:44335/index.html - null null
2025-03-26 18:24:03.481 +01:00 [INF] Starting Hangfire Server using job storage: 'SQL Server: (local)@EPSPlusDB'
2025-03-26 18:24:03.481 +01:00 [INF] Using the following options for SQL Server job storage: Queue poll interval: 00:00:00.
2025-03-26 18:24:03.482 +01:00 [INF] Using the following options for Hangfire Server:
    Worker count: 20
    Listening queues: 'default'
    Shutdown timeout: 00:00:15
    Schedule polling interval: 00:00:15
2025-03-26 18:24:03.566 +01:00 [INF] Application started. Press Ctrl+C to shut down.
2025-03-26 18:24:03.566 +01:00 [INF] Hosting environment: Development
2025-03-26 18:24:03.566 +01:00 [INF] Content root path: C:\Users\onyedika.ezeamama\Desktop\project\EPSPlus\EPSPlus.API
2025-03-26 18:24:03.591 +01:00 [INF] Server desktop-p6lqc67:33424:09b49713 successfully announced in 18.5312 ms
2025-03-26 18:24:03.634 +01:00 [INF] Server desktop-p6lqc67:33424:09b49713 is starting the registered dispatchers: ServerWatchdog, ServerJobCancellationWatcher, ExpirationManager, CountersAggregator, SqlServerHeartbeatProcess, Worker, DelayedJobScheduler, RecurringJobScheduler...
2025-03-26 18:24:04.021 +01:00 [INF] Server desktop-p6lqc67:33424:09b49713 all the dispatchers started
2025-03-26 18:24:04.222 +01:00 [INF] HTTP GET /index.html responded 200 in 131.3000 ms
2025-03-26 18:24:04.242 +01:00 [INF] Request finished HTTP/2 GET https://localhost:44335/index.html - 200 null text/html;charset=utf-8 818.7061ms
2025-03-26 18:24:04.327 +01:00 [INF] Request starting HTTP/2 GET https://localhost:44335/_framework/aspnetcore-browser-refresh.js - null null
2025-03-26 18:24:04.327 +01:00 [INF] Request starting HTTP/2 GET https://localhost:44335/index.js - null null
2025-03-26 18:24:04.366 +01:00 [INF] HTTP GET /index.js responded 200 in 36.7679 ms
2025-03-26 18:24:04.369 +01:00 [INF] Request starting HTTP/2 GET https://localhost:44335/_vs/browserLink - null null
2025-03-26 18:24:04.378 +01:00 [INF] Request finished HTTP/2 GET https://localhost:44335/index.js - 200 null application/javascript;charset=utf-8 52.6549ms
2025-03-26 18:24:04.417 +01:00 [INF] Request finished HTTP/2 GET https://localhost:44335/_framework/aspnetcore-browser-refresh.js - 200 16507 application/javascript; charset=utf-8 85.2004ms
2025-03-26 18:24:04.478 +01:00 [INF] Request finished HTTP/2 GET https://localhost:44335/_vs/browserLink - 200 null text/javascript; charset=UTF-8 109.7937ms
2025-03-26 18:24:04.545 +01:00 [INF] Request starting HTTP/2 GET https://localhost:44335/swagger/v1/swagger.json - null null
2025-03-26 18:24:04.681 +01:00 [INF] HTTP GET /swagger/v1/swagger.json responded 200 in 134.4179 ms
2025-03-26 18:24:04.681 +01:00 [INF] Request finished HTTP/2 GET https://localhost:44335/swagger/v1/swagger.json - 200 null application/json;charset=utf-8 136.5889ms
2025-03-26 18:24:31.342 +01:00 [INF] Request starting HTTP/2 GET https://localhost:44335/api/Contribution/statement/3FA85F64-5717-4562-B3FC-2C963F66AFA6/pdf?startDate=2025-02-22&endDate=2025-03-27 - null null
2025-03-26 18:24:31.411 +01:00 [INF] Executing endpoint 'EPSPlus.API.Controllers.ContributionController.GetContributionStatementPdf (EPSPlus.API)'
2025-03-26 18:24:31.441 +01:00 [INF] Route matched with {action = "GetContributionStatementPdf", controller = "Contribution"}. Executing controller action with signature System.Threading.Tasks.Task`1[Microsoft.AspNetCore.Mvc.IActionResult] GetContributionStatementPdf(System.Guid, System.DateTime, System.DateTime) on controller EPSPlus.API.Controllers.ContributionController (EPSPlus.API).
2025-03-26 18:24:31.703 +01:00 [INF] Generating PDF statement for Member ID: "3fa85f64-5717-4562-b3fc-2c963f66afa6" from "2025-02-22T00:00:00.0000000" to "2025-03-27T00:00:00.0000000"
2025-03-26 18:24:31.793 +01:00 [INF] Generating PDF statement for Member ID: 3fa85f64-5717-4562-b3fc-2c963f66afa6 from 22/02/2025 to 27/03/2025
2025-03-26 18:24:31.815 +01:00 [INF] Fetching all contributions for MemberId: "3fa85f64-5717-4562-b3fc-2c963f66afa6"
2025-03-26 18:24:33.472 +01:00 [INF] Executed DbCommand (25ms) [Parameters=[@__memberId_0='?' (DbType = Guid)], CommandType='"Text"', CommandTimeout='30']
SELECT [c].[Id], [c].[Amount], [c].[ContributionDate], [c].[MemberId], [c].[Status], [c].[Type]
FROM [Contributions] AS [c]
WHERE [c].[MemberId] = @__memberId_0
2025-03-26 18:24:33.577 +01:00 [INF] Fetched 14 contributions for MemberId: "3fa85f64-5717-4562-b3fc-2c963f66afa6"
2025-03-26 18:24:41.770 +01:00 [INF] Found 14 contributions for Member ID: 3fa85f64-5717-4562-b3fc-2c963f66afa6
2025-03-26 18:24:50.001 +01:00 [INF] Found 14 contributions within the date range.
2025-03-26 18:24:50.004 +01:00 [INF] Retrieving member by ID: "3fa85f64-5717-4562-b3fc-2c963f66afa6"
2025-03-26 18:24:50.030 +01:00 [INF] Executed DbCommand (4ms) [Parameters=[@__id_0='?' (DbType = Guid)], CommandType='"Text"', CommandTimeout='30']
SELECT TOP(1) [m].[Id], [m].[CreatedAt], [m].[DateOfBirth], [m].[Email], [m].[FirstName], [m].[IsActive], [m].[LastName], [m].[PhoneNumber], [m].[UpdatedAt]
FROM [Members] AS [m]
WHERE [m].[Id] = @__id_0
2025-03-26 18:24:50.084 +01:00 [INF] Found member details for Member ID: 3fa85f64-5717-4562-b3fc-2c963f66afa6, Name: Onyedika Ezeamama
2025-03-26 18:24:50.092 +01:00 [INF] Total Contributions for Member ID: 3fa85f64-5717-4562-b3fc-2c963f66afa6 within the date range: ₦632,980.00
2025-03-26 18:24:50.095 +01:00 [INF] Fetching all contributions for MemberId: "3fa85f64-5717-4562-b3fc-2c963f66afa6"
2025-03-26 18:24:50.104 +01:00 [INF] Executed DbCommand (4ms) [Parameters=[@__memberId_0='?' (DbType = Guid)], CommandType='"Text"', CommandTimeout='30']
SELECT [c].[Id], [c].[Amount], [c].[ContributionDate], [c].[MemberId], [c].[Status], [c].[Type]
FROM [Contributions] AS [c]
WHERE [c].[MemberId] = @__memberId_0
2025-03-26 18:24:50.105 +01:00 [INF] Fetched 14 contributions for MemberId: "3fa85f64-5717-4562-b3fc-2c963f66afa6"
2025-03-26 18:24:50.108 +01:00 [INF] Member ID: 3fa85f64-5717-4562-b3fc-2c963f66afa6 Eligibility for benefits: False
2025-03-26 18:24:50.110 +01:00 [INF] Statement DTO created for Member ID: 3fa85f64-5717-4562-b3fc-2c963f66afa6
2025-03-26 18:24:51.562 +01:00 [INF] PDF statement generated successfully for Member ID: 3fa85f64-5717-4562-b3fc-2c963f66afa6
2025-03-26 18:24:51.576 +01:00 [INF] Executing FileContentResult, sending file with download name 'ContributionStatement.pdf' ...
2025-03-26 18:24:51.593 +01:00 [INF] Executed action EPSPlus.API.Controllers.ContributionController.GetContributionStatementPdf (EPSPlus.API) in 20145.7182ms
2025-03-26 18:24:51.595 +01:00 [INF] Executed endpoint 'EPSPlus.API.Controllers.ContributionController.GetContributionStatementPdf (EPSPlus.API)'
2025-03-26 18:24:51.598 +01:00 [INF] HTTP GET /api/Contribution/statement/3FA85F64-5717-4562-B3FC-2C963F66AFA6/pdf responded 200 in 20255.1097 ms
2025-03-26 18:24:51.617 +01:00 [INF] Request finished HTTP/2 GET https://localhost:44335/api/Contribution/statement/3FA85F64-5717-4562-B3FC-2C963F66AFA6/pdf?startDate=2025-02-22&endDate=2025-03-27 - 200 2044 application/pdf 20274.7869ms
